<?xml version="1.0" encoding="UTF-8"?>
<testsuite name="com.example.task12.Task12ApplicationTests" tests="1" skipped="0" failures="0" errors="0" timestamp="2021-04-04T19:29:48" hostname="LAPTOP-IHDB0OUN" time="0.904">
  <properties/>
  <testcase name="contextLoads()" classname="com.example.task12.Task12ApplicationTests" time="0.904"/>
  <system-out><![CDATA[22:29:45.722 [Test worker] DEBUG org.springframework.test.context.BootstrapUtils - Instantiating CacheAwareContextLoaderDelegate from class [org.springframework.test.context.cache.DefaultCacheAwareContextLoaderDelegate]
22:29:45.770 [Test worker] DEBUG org.springframework.test.context.BootstrapUtils - Instantiating BootstrapContext using constructor [public org.springframework.test.context.support.DefaultBootstrapContext(java.lang.Class,org.springframework.test.context.CacheAwareContextLoaderDelegate)]
22:29:45.866 [Test worker] DEBUG org.springframework.test.context.BootstrapUtils - Instantiating TestContextBootstrapper for test class [com.example.task12.Task12ApplicationTests] from class [org.springframework.boot.test.context.SpringBootTestContextBootstrapper]
22:29:45.898 [Test worker] INFO org.springframework.boot.test.context.SpringBootTestContextBootstrapper - Neither @ContextConfiguration nor @ContextHierarchy found for test class [com.example.task12.Task12ApplicationTests], using SpringBootContextLoader
22:29:45.906 [Test worker] DEBUG org.springframework.test.context.support.AbstractContextLoader - Did not detect default resource location for test class [com.example.task12.Task12ApplicationTests]: class path resource [com/example/task12/Task12ApplicationTests-context.xml] does not exist
22:29:45.906 [Test worker] DEBUG org.springframework.test.context.support.AbstractContextLoader - Did not detect default resource location for test class [com.example.task12.Task12ApplicationTests]: class path resource [com/example/task12/Task12ApplicationTestsContext.groovy] does not exist
22:29:45.906 [Test worker] INFO org.springframework.test.context.support.AbstractContextLoader - Could not detect default resource locations for test class [com.example.task12.Task12ApplicationTests]: no resource found for suffixes {-context.xml, Context.groovy}.
22:29:45.914 [Test worker] INFO org.springframework.test.context.support.AnnotationConfigContextLoaderUtils - Could not detect default configuration classes for test class [com.example.task12.Task12ApplicationTests]: Task12ApplicationTests does not declare any static, non-private, non-final, nested classes annotated with @Configuration.
22:29:46.018 [Test worker] DEBUG org.springframework.test.context.support.ActiveProfilesUtils - Could not find an 'annotation declaring class' for annotation type [org.springframework.test.context.ActiveProfiles] and class [com.example.task12.Task12ApplicationTests]
22:29:46.171 [Test worker] DEBUG org.springframework.context.annotation.ClassPathScanningCandidateComponentProvider - Identified candidate component class: file [C:\Users\User\IdeaProjects\JavaVUZ\Number12\build\classes\java\main\com\example\task12\Task12Application.class]
22:29:46.171 [Test worker] INFO org.springframework.boot.test.context.SpringBootTestContextBootstrapper - Found @SpringBootConfiguration com.example.task12.Task12Application for test class com.example.task12.Task12ApplicationTests
22:29:46.456 [Test worker] DEBUG org.springframework.boot.test.context.SpringBootTestContextBootstrapper - @TestExecutionListeners is not present for class [com.example.task12.Task12ApplicationTests]: using defaults.
22:29:46.464 [Test worker] INFO org.springframework.boot.test.context.SpringBootTestContextBootstrapper - Loaded default TestExecutionListener class names from location [META-INF/spring.factories]: [org.springframework.boot.test.autoconfigure.restdocs.RestDocsTestExecutionListener, org.springframework.boot.test.autoconfigure.web.client.MockRestServiceServerResetTestExecutionListener, org.springframework.boot.test.autoconfigure.web.servlet.MockMvcPrintOnlyOnFailureTestExecutionListener, org.springframework.boot.test.autoconfigure.web.servlet.WebDriverTestExecutionListener, org.springframework.boot.test.autoconfigure.webservices.client.MockWebServiceServerTestExecutionListener, org.springframework.boot.test.mock.mockito.MockitoTestExecutionListener, org.springframework.boot.test.mock.mockito.ResetMocksTestExecutionListener, org.springframework.test.context.web.ServletTestExecutionListener, org.springframework.test.context.support.DirtiesContextBeforeModesTestExecutionListener, org.springframework.test.context.event.ApplicationEventsTestExecutionListener, org.springframework.test.context.support.DependencyInjectionTestExecutionListener, org.springframework.test.context.support.DirtiesContextTestExecutionListener, org.springframework.test.context.transaction.TransactionalTestExecutionListener, org.springframework.test.context.jdbc.SqlScriptsTestExecutionListener, org.springframework.test.context.event.EventPublishingTestExecutionListener]
22:29:46.496 [Test worker] DEBUG org.springframework.boot.test.context.SpringBootTestContextBootstrapper - Skipping candidate TestExecutionListener [org.springframework.test.context.web.ServletTestExecutionListener] due to a missing dependency. Specify custom listener classes or make the default listener classes and their required dependencies available. Offending class: [javax.servlet.ServletContext]
22:29:46.501 [Test worker] DEBUG org.springframework.boot.test.context.SpringBootTestContextBootstrapper - Skipping candidate TestExecutionListener [org.springframework.test.context.transaction.TransactionalTestExecutionListener] due to a missing dependency. Specify custom listener classes or make the default listener classes and their required dependencies available. Offending class: [org.springframework.transaction.interceptor.TransactionAttributeSource]
22:29:46.501 [Test worker] DEBUG org.springframework.boot.test.context.SpringBootTestContextBootstrapper - Skipping candidate TestExecutionListener [org.springframework.test.context.jdbc.SqlScriptsTestExecutionListener] due to a missing dependency. Specify custom listener classes or make the default listener classes and their required dependencies available. Offending class: [org.springframework.transaction.interceptor.TransactionAttribute]
22:29:46.509 [Test worker] INFO org.springframework.boot.test.context.SpringBootTestContextBootstrapper - Using TestExecutionListeners: [org.springframework.test.context.support.DirtiesContextBeforeModesTestExecutionListener@f400b823, org.springframework.test.context.event.ApplicationEventsTestExecutionListener@5b426fca, org.springframework.boot.test.mock.mockito.MockitoTestExecutionListener@696eab28, org.springframework.boot.test.autoconfigure.SpringBootDependencyInjectionTestExecutionListener@2536dfbe, org.springframework.test.context.support.DirtiesContextTestExecutionListener@e800fd41, org.springframework.test.context.event.EventPublishingTestExecutionListener@9db56d45, org.springframework.boot.test.autoconfigure.restdocs.RestDocsTestExecutionListener@d636a3a9, org.springframework.boot.test.autoconfigure.web.client.MockRestServiceServerResetTestExecutionListener@f191cbc9, org.springframework.boot.test.autoconfigure.web.servlet.MockMvcPrintOnlyOnFailureTestExecutionListener@43d11e25, org.springframework.boot.test.autoconfigure.web.servlet.WebDriverTestExecutionListener@c8cbd0b9, org.springframework.boot.test.autoconfigure.webservices.client.MockWebServiceServerTestExecutionListener@58a22308, org.springframework.boot.test.mock.mockito.ResetMocksTestExecutionListener@c7f99bd9]
22:29:46.517 [Test worker] DEBUG org.springframework.test.context.support.AbstractDirtiesContextTestExecutionListener - Before test class: context [DefaultTestContext@dcbda48 testClass = Task12ApplicationTests, testInstance = [null], testMethod = [null], testException = [null], mergedContextConfiguration = [MergedContextConfiguration@a7ff3abc testClass = Task12ApplicationTests, locations = '{}', classes = '{class com.example.task12.Task12Application}', contextInitializerClasses = '[]', activeProfiles = '{}', propertySourceLocations = '{}', propertySourceProperties = '{org.springframework.boot.test.context.SpringBootTestContextBootstrapper=true}', contextCustomizers = set[org.springframework.boot.test.autoconfigure.actuate.metrics.MetricsExportContextCustomizerFactory$DisableMetricExportContextCustomizer@b9403cb4, org.springframework.boot.test.autoconfigure.properties.PropertyMappingContextCustomizer@0, org.springframework.boot.test.autoconfigure.web.servlet.WebDriverContextCustomizerFactory$Customizer@787af40, org.springframework.boot.test.context.filter.ExcludeFilterContextCustomizer@4d2ad7a5, org.springframework.boot.test.json.DuplicateJsonObjectContextCustomizerFactory$DuplicateJsonObjectContextCustomizer@71694d4, org.springframework.boot.test.mock.mockito.MockitoContextCustomizer@0, org.springframework.boot.test.web.client.TestRestTemplateContextCustomizer@b262a479, org.springframework.boot.test.context.SpringBootTestArgs@1, org.springframework.boot.test.context.SpringBootTestWebEnvironment@ad01858a], contextLoader = 'org.springframework.boot.test.context.SpringBootContextLoader', parent = [null]], attributes = map[[empty]]], class annotated with @DirtiesContext [false] with mode [null].
22:29:46.549 [Test worker] DEBUG org.springframework.test.context.support.DependencyInjectionTestExecutionListener - Performing dependency injection for test context [[DefaultTestContext@dcbda48 testClass = Task12ApplicationTests, testInstance = com.example.task12.Task12ApplicationTests@8765b77a, testMethod = [null], testException = [null], mergedContextConfiguration = [MergedContextConfiguration@a7ff3abc testClass = Task12ApplicationTests, locations = '{}', classes = '{class com.example.task12.Task12Application}', contextInitializerClasses = '[]', activeProfiles = '{}', propertySourceLocations = '{}', propertySourceProperties = '{org.springframework.boot.test.context.SpringBootTestContextBootstrapper=true}', contextCustomizers = set[org.springframework.boot.test.autoconfigure.actuate.metrics.MetricsExportContextCustomizerFactory$DisableMetricExportContextCustomizer@b9403cb4, org.springframework.boot.test.autoconfigure.properties.PropertyMappingContextCustomizer@0, org.springframework.boot.test.autoconfigure.web.servlet.WebDriverContextCustomizerFactory$Customizer@787af40, org.springframework.boot.test.context.filter.ExcludeFilterContextCustomizer@4d2ad7a5, org.springframework.boot.test.json.DuplicateJsonObjectContextCustomizerFactory$DuplicateJsonObjectContextCustomizer@71694d4, org.springframework.boot.test.mock.mockito.MockitoContextCustomizer@0, org.springframework.boot.test.web.client.TestRestTemplateContextCustomizer@b262a479, org.springframework.boot.test.context.SpringBootTestArgs@1, org.springframework.boot.test.context.SpringBootTestWebEnvironment@ad01858a], contextLoader = 'org.springframework.boot.test.context.SpringBootContextLoader', parent = [null]], attributes = map['org.springframework.test.context.event.ApplicationEventsTestExecutionListener.recordApplicationEvents' -> false]]].
22:29:46.605 [Test worker] DEBUG org.springframework.test.context.support.TestPropertySourceUtils - Adding inlined properties to environment: {spring.jmx.enabled=false, org.springframework.boot.test.context.SpringBootTestContextBootstrapper=true}

  .   ____          _            __ _ _
 /\\ / ___'_ __ _ _(_)_ __  __ _ \ \ \ \
( ( )\___ | '_ | '_| | '_ \/ _` | \ \ \ \
 \\/  ___)| |_)| | | | | || (_| |  ) ) ) )
  '  |____| .__|_| |_|_| |_\__, | / / / /
 =========|_|==============|___/=/_/_/_/
 :: Spring Boot ::                (v2.4.2)

2021-04-04 22:29:47.232  INFO 7328 --- [    Test worker] c.example.task12.Task12ApplicationTests  : Starting Task12ApplicationTests using Java 11.0.10 on LAPTOP-IHDB0OUN with PID 7328 (started by User in C:\Users\User\IdeaProjects\JavaVUZ\Number12)
2021-04-04 22:29:47.240  INFO 7328 --- [    Test worker] c.example.task12.Task12ApplicationTests  : No active profile set, falling back to default profiles: default
PostConstruct method activated!
Read from file
Writing text to file...
2021-04-04 22:29:48.433  INFO 7328 --- [    Test worker] c.example.task12.Task12ApplicationTests  : Started Task12ApplicationTests in 1.822 seconds (JVM running for 4.751)
]]></system-out>
  <system-err><![CDATA[]]></system-err>
</testsuite>
