<?xml version="1.0" encoding="UTF-8"?>
<testsuite name="com.example.pr11.Pr11ApplicationTests" tests="1" skipped="0" failures="0" errors="0" timestamp="2021-03-28T21:00:02" hostname="DESKTOP-G8UQDLB" time="0.44">
  <properties/>
  <testcase name="contextLoads()" classname="com.example.pr11.Pr11ApplicationTests" time="0.44"/>
  <system-out><![CDATA[23:59:59.758 [Test worker] DEBUG org.springframework.test.context.BootstrapUtils - Instantiating CacheAwareContextLoaderDelegate from class [org.springframework.test.context.cache.DefaultCacheAwareContextLoaderDelegate]
23:59:59.772 [Test worker] DEBUG org.springframework.test.context.BootstrapUtils - Instantiating BootstrapContext using constructor [public org.springframework.test.context.support.DefaultBootstrapContext(java.lang.Class,org.springframework.test.context.CacheAwareContextLoaderDelegate)]
23:59:59.805 [Test worker] DEBUG org.springframework.test.context.BootstrapUtils - Instantiating TestContextBootstrapper for test class [com.example.pr11.Pr11ApplicationTests] from class [org.springframework.boot.test.context.SpringBootTestContextBootstrapper]
23:59:59.815 [Test worker] INFO org.springframework.boot.test.context.SpringBootTestContextBootstrapper - Neither @ContextConfiguration nor @ContextHierarchy found for test class [com.example.pr11.Pr11ApplicationTests], using SpringBootContextLoader
23:59:59.818 [Test worker] DEBUG org.springframework.test.context.support.AbstractContextLoader - Did not detect default resource location for test class [com.example.pr11.Pr11ApplicationTests]: class path resource [com/example/pr11/Pr11ApplicationTests-context.xml] does not exist
23:59:59.818 [Test worker] DEBUG org.springframework.test.context.support.AbstractContextLoader - Did not detect default resource location for test class [com.example.pr11.Pr11ApplicationTests]: class path resource [com/example/pr11/Pr11ApplicationTestsContext.groovy] does not exist
23:59:59.819 [Test worker] INFO org.springframework.test.context.support.AbstractContextLoader - Could not detect default resource locations for test class [com.example.pr11.Pr11ApplicationTests]: no resource found for suffixes {-context.xml, Context.groovy}.
23:59:59.819 [Test worker] INFO org.springframework.test.context.support.AnnotationConfigContextLoaderUtils - Could not detect default configuration classes for test class [com.example.pr11.Pr11ApplicationTests]: Pr11ApplicationTests does not declare any static, non-private, non-final, nested classes annotated with @Configuration.
23:59:59.859 [Test worker] DEBUG org.springframework.test.context.support.ActiveProfilesUtils - Could not find an 'annotation declaring class' for annotation type [org.springframework.test.context.ActiveProfiles] and class [com.example.pr11.Pr11ApplicationTests]
23:59:59.929 [Test worker] DEBUG org.springframework.context.annotation.ClassPathScanningCandidateComponentProvider - Identified candidate component class: file [C:\Users\frayz\IdeaProjects\pr11\build\classes\java\main\com\example\pr11\Pr11Application.class]
23:59:59.937 [Test worker] INFO org.springframework.boot.test.context.SpringBootTestContextBootstrapper - Found @SpringBootConfiguration com.example.pr11.Pr11Application for test class com.example.pr11.Pr11ApplicationTests
00:00:00.039 [Test worker] DEBUG org.springframework.boot.test.context.SpringBootTestContextBootstrapper - @TestExecutionListeners is not present for class [com.example.pr11.Pr11ApplicationTests]: using defaults.
00:00:00.041 [Test worker] INFO org.springframework.boot.test.context.SpringBootTestContextBootstrapper - Loaded default TestExecutionListener class names from location [META-INF/spring.factories]: [org.springframework.boot.test.autoconfigure.restdocs.RestDocsTestExecutionListener, org.springframework.boot.test.autoconfigure.web.client.MockRestServiceServerResetTestExecutionListener, org.springframework.boot.test.autoconfigure.web.servlet.MockMvcPrintOnlyOnFailureTestExecutionListener, org.springframework.boot.test.autoconfigure.web.servlet.WebDriverTestExecutionListener, org.springframework.boot.test.autoconfigure.webservices.client.MockWebServiceServerTestExecutionListener, org.springframework.boot.test.mock.mockito.MockitoTestExecutionListener, org.springframework.boot.test.mock.mockito.ResetMocksTestExecutionListener, org.springframework.test.context.web.ServletTestExecutionListener, org.springframework.test.context.support.DirtiesContextBeforeModesTestExecutionListener, org.springframework.test.context.event.ApplicationEventsTestExecutionListener, org.springframework.test.context.support.DependencyInjectionTestExecutionListener, org.springframework.test.context.support.DirtiesContextTestExecutionListener, org.springframework.test.context.transaction.TransactionalTestExecutionListener, org.springframework.test.context.jdbc.SqlScriptsTestExecutionListener, org.springframework.test.context.event.EventPublishingTestExecutionListener]
00:00:00.052 [Test worker] DEBUG org.springframework.boot.test.context.SpringBootTestContextBootstrapper - Skipping candidate TestExecutionListener [org.springframework.test.context.transaction.TransactionalTestExecutionListener] due to a missing dependency. Specify custom listener classes or make the default listener classes and their required dependencies available. Offending class: [org/springframework/transaction/interceptor/TransactionAttributeSource]
00:00:00.052 [Test worker] DEBUG org.springframework.boot.test.context.SpringBootTestContextBootstrapper - Skipping candidate TestExecutionListener [org.springframework.test.context.jdbc.SqlScriptsTestExecutionListener] due to a missing dependency. Specify custom listener classes or make the default listener classes and their required dependencies available. Offending class: [org/springframework/transaction/interceptor/TransactionAttribute]
00:00:00.052 [Test worker] INFO org.springframework.boot.test.context.SpringBootTestContextBootstrapper - Using TestExecutionListeners: [org.springframework.test.context.web.ServletTestExecutionListener@738cd9b9, org.springframework.test.context.support.DirtiesContextBeforeModesTestExecutionListener@6aba021d, org.springframework.test.context.event.ApplicationEventsTestExecutionListener@152e0617, org.springframework.boot.test.mock.mockito.MockitoTestExecutionListener@122609c5, org.springframework.boot.test.autoconfigure.SpringBootDependencyInjectionTestExecutionListener@7f25b29, org.springframework.test.context.support.DirtiesContextTestExecutionListener@3de20b20, org.springframework.test.context.event.EventPublishingTestExecutionListener@5819ac35, org.springframework.boot.test.autoconfigure.restdocs.RestDocsTestExecutionListener@7a53fed2, org.springframework.boot.test.autoconfigure.web.client.MockRestServiceServerResetTestExecutionListener@6f6dd9a2, org.springframework.boot.test.autoconfigure.web.servlet.MockMvcPrintOnlyOnFailureTestExecutionListener@42fb7464, org.springframework.boot.test.autoconfigure.web.servlet.WebDriverTestExecutionListener@5796100a, org.springframework.boot.test.autoconfigure.webservices.client.MockWebServiceServerTestExecutionListener@3256c144, org.springframework.boot.test.mock.mockito.ResetMocksTestExecutionListener@3377be65]
00:00:00.056 [Test worker] DEBUG org.springframework.test.context.support.AbstractDirtiesContextTestExecutionListener - Before test class: context [DefaultTestContext@7cfed246 testClass = Pr11ApplicationTests, testInstance = [null], testMethod = [null], testException = [null], mergedContextConfiguration = [WebMergedContextConfiguration@392e55dd testClass = Pr11ApplicationTests, locations = '{}', classes = '{class com.example.pr11.Pr11Application}', contextInitializerClasses = '[]', activeProfiles = '{}', propertySourceLocations = '{}', propertySourceProperties = '{org.springframework.boot.test.context.SpringBootTestContextBootstrapper=true}', contextCustomizers = set[org.springframework.boot.test.autoconfigure.actuate.metrics.MetricsExportContextCustomizerFactory$DisableMetricExportContextCustomizer@187af6dc, org.springframework.boot.test.autoconfigure.properties.PropertyMappingContextCustomizer@0, org.springframework.boot.test.autoconfigure.web.servlet.WebDriverContextCustomizerFactory$Customizer@3897f2bc, org.springframework.boot.test.context.filter.ExcludeFilterContextCustomizer@709a8523, org.springframework.boot.test.json.DuplicateJsonObjectContextCustomizerFactory$DuplicateJsonObjectContextCustomizer@559e9cd8, org.springframework.boot.test.mock.mockito.MockitoContextCustomizer@0, org.springframework.boot.test.web.client.TestRestTemplateContextCustomizer@6aff17d8, org.springframework.boot.test.context.SpringBootTestArgs@1, org.springframework.boot.test.context.SpringBootTestWebEnvironment@571ba8ef], resourceBasePath = 'src/main/webapp', contextLoader = 'org.springframework.boot.test.context.SpringBootContextLoader', parent = [null]], attributes = map['org.springframework.test.context.web.ServletTestExecutionListener.activateListener' -> true]], class annotated with @DirtiesContext [false] with mode [null].
00:00:00.097 [Test worker] DEBUG org.springframework.test.context.support.TestPropertySourceUtils - Adding inlined properties to environment: {spring.jmx.enabled=false, org.springframework.boot.test.context.SpringBootTestContextBootstrapper=true}

  .   ____          _            __ _ _
 /\\ / ___'_ __ _ _(_)_ __  __ _ \ \ \ \
( ( )\___ | '_ | '_| | '_ \/ _` | \ \ \ \
 \\/  ___)| |_)| | | | | || (_| |  ) ) ) )
  '  |____| .__|_| |_|_| |_\__, | / / / /
 =========|_|==============|___/=/_/_/_/
 :: Spring Boot ::                (v2.4.4)

2021-03-29 00:00:00.466  INFO 4944 --- [    Test worker] com.example.pr11.Pr11ApplicationTests    : Starting Pr11ApplicationTests using Java 15.0.2 on DESKTOP-G8UQDLB with PID 4944 (started by frayz in C:\Users\frayz\IdeaProjects\pr11)
2021-03-29 00:00:00.470  INFO 4944 --- [    Test worker] com.example.pr11.Pr11ApplicationTests    : No active profile set, falling back to default profiles: default
2021-03-29 00:00:02.297  INFO 4944 --- [    Test worker] o.s.s.concurrent.ThreadPoolTaskExecutor  : Initializing ExecutorService 'applicationTaskExecutor'
2021-03-29 00:00:02.826  INFO 4944 --- [    Test worker] o.s.b.a.e.web.EndpointLinksResolver      : Exposing 2 endpoint(s) beneath base path '/actuator'
2021-03-29 00:00:02.892  INFO 4944 --- [    Test worker] com.example.pr11.Pr11ApplicationTests    : Started Pr11ApplicationTests in 2.785 seconds (JVM running for 4.276)
]]></system-out>
  <system-err><![CDATA[]]></system-err>
</testsuite>
